<?xml version="1.0" encoding="UTF-8"?>
<robot generator="Robot 3.2.1 (Python 3.8.5 on win32)" generated="20200731 14:00:12.989" rpa="false">
<suite id="s1" name="Shopping" source="C:\Users\chatchanokwon\Documents\toy-are-not-us-workshop-master\tests\e2e\success\shopping.robot">
<test id="s1-t1" name="นายไทจิ ยามาโตะ ซื้อ Earth DVD Game 1 อัน จ่ายด้วย LinePay">
<kw name="ซื้อของในร้านค้า" library="keywords">
<arguments>
<arg>Earth DVD Game</arg>
<arg>Neutral</arg>
<arg>over 8</arg>
<arg>34.99</arg>
<arg>VideoVroom</arg>
<arg>In Stock</arg>
<arg>ไทจิ ยามาโตะ</arg>
<arg>ถนนเลียบชายกว๊าน</arg>
<arg>อำเภอเมืองพะเยา</arg>
<arg>พะเยา</arg>
<arg>พะเยา</arg>
<arg>56000</arg>
<arg>linepay</arg>
<arg>1</arg>
<arg>1102.19</arg>
</arguments>
<kw name="เปิดเว็ป" library="keywords">
<kw name="Open Browser" library="SeleniumLibrary">
<doc>Opens a new browser instance to the optional ``url``.</doc>
<arguments>
<arg>${URL}</arg>
<arg>chrome</arg>
</arguments>
<msg timestamp="20200731 14:00:13.644" level="INFO">Opening browser 'chrome' to base url 'http://localhost:4200/search'.</msg>
<status status="PASS" starttime="20200731 14:00:13.644" endtime="20200731 14:00:22.554"></status>
</kw>
<status status="PASS" starttime="20200731 14:00:13.643" endtime="20200731 14:00:22.554"></status>
</kw>
<kw name="Search สินค้าที่ต้องการ" library="keywords">
<arguments>
<arg>${PRODUCT_AGE}</arg>
<arg>${PRODUCT_GENDER}</arg>
</arguments>
<kw name="Mouse Over" library="SeleniumLibrary">
<doc>Simulates hovering the mouse over the element ``locator``.</doc>
<arguments>
<arg>//*[@id="age"]</arg>
</arguments>
<msg timestamp="20200731 14:00:22.556" level="INFO">Simulating Mouse Over on element '//*[@id="age"]'.</msg>
<status status="PASS" starttime="20200731 14:00:22.556" endtime="20200731 14:00:22.896"></status>
</kw>
<kw name="Click Element" library="SeleniumLibrary">
<doc>Click the element identified by ``locator``.</doc>
<arguments>
<arg>//*[@id="over8"]</arg>
</arguments>
<msg timestamp="20200731 14:00:22.897" level="INFO">Clicking element '//*[@id="over8"]'.</msg>
<status status="PASS" starttime="20200731 14:00:22.896" endtime="20200731 14:00:23.055"></status>
</kw>
<kw name="Mouse Over" library="SeleniumLibrary">
<doc>Simulates hovering the mouse over the element ``locator``.</doc>
<arguments>
<arg>//*[@id="gender"]</arg>
</arguments>
<msg timestamp="20200731 14:00:23.056" level="INFO">Simulating Mouse Over on element '//*[@id="gender"]'.</msg>
<status status="PASS" starttime="20200731 14:00:23.056" endtime="20200731 14:00:23.440"></status>
</kw>
<kw name="Click Element" library="SeleniumLibrary">
<doc>Click the element identified by ``locator``.</doc>
<arguments>
<arg>//*[@id="neutral"]</arg>
</arguments>
<msg timestamp="20200731 14:00:23.440" level="INFO">Clicking element '//*[@id="neutral"]'.</msg>
<status status="PASS" starttime="20200731 14:00:23.440" endtime="20200731 14:00:23.571"></status>
</kw>
<kw name="Mouse Over" library="SeleniumLibrary">
<doc>Simulates hovering the mouse over the element ``locator``.</doc>
<arguments>
<arg>//*[@id="product_11"]</arg>
</arguments>
<msg timestamp="20200731 14:00:23.572" level="INFO">Simulating Mouse Over on element '//*[@id="product_11"]'.</msg>
<status status="PASS" starttime="20200731 14:00:23.571" endtime="20200731 14:00:23.921"></status>
</kw>
<kw name="Click Element" library="SeleniumLibrary">
<doc>Click the element identified by ``locator``.</doc>
<arguments>
<arg>//*[@id="product_11"]/th[2]</arg>
</arguments>
<msg timestamp="20200731 14:00:23.922" level="INFO">Clicking element '//*[@id="product_11"]/th[2]'.</msg>
<status status="PASS" starttime="20200731 14:00:23.922" endtime="20200731 14:00:24.263"></status>
</kw>
<status status="PASS" starttime="20200731 14:00:22.554" endtime="20200731 14:00:24.263"></status>
</kw>
<kw name="เช็คข้อมูลสินค้า" library="keywords">
<arguments>
<arg>${PRODUCT_NAME}</arg>
<arg>${PRODUCT_BRAND}</arg>
<arg>${PRODUCT_GENDER}</arg>
<arg>${PRODUCT_AGE}</arg>
<arg>${PRODUCT_PRICE}</arg>
<arg>${PRODUCT_AVAILABLE}</arg>
</arguments>
<kw name="Wait Until Page Contains" library="SeleniumLibrary">
<doc>Waits until ``text`` appears on the current page.</doc>
<arguments>
<arg>${PRODUCT_NAME}</arg>
</arguments>
<status status="PASS" starttime="20200731 14:00:24.266" endtime="20200731 14:00:24.321"></status>
</kw>
<kw name="Wait Until Page Contains" library="SeleniumLibrary">
<doc>Waits until ``text`` appears on the current page.</doc>
<arguments>
<arg>${PRODUCT_BRAND}</arg>
</arguments>
<status status="PASS" starttime="20200731 14:00:24.321" endtime="20200731 14:00:24.397"></status>
</kw>
<kw name="Wait Until Page Contains" library="SeleniumLibrary">
<doc>Waits until ``text`` appears on the current page.</doc>
<arguments>
<arg>${PRODUCT_GENDER}</arg>
</arguments>
<status status="PASS" starttime="20200731 14:00:24.397" endtime="20200731 14:00:24.454"></status>
</kw>
<kw name="Wait Until Page Contains" library="SeleniumLibrary">
<doc>Waits until ``text`` appears on the current page.</doc>
<arguments>
<arg>${PRODUCT_AGE}</arg>
</arguments>
<status status="PASS" starttime="20200731 14:00:24.454" endtime="20200731 14:00:24.500"></status>
</kw>
<kw name="Wait Until Page Contains" library="SeleniumLibrary">
<doc>Waits until ``text`` appears on the current page.</doc>
<arguments>
<arg>${PRODUCT_PRICE}</arg>
</arguments>
<status status="PASS" starttime="20200731 14:00:24.500" endtime="20200731 14:00:24.544"></status>
</kw>
<kw name="Wait Until Page Contains" library="SeleniumLibrary">
<doc>Waits until ``text`` appears on the current page.</doc>
<arguments>
<arg>${PRODUCT_AVAILABLE}</arg>
</arguments>
<kw name="Capture Page Screenshot" library="SeleniumLibrary">
<doc>Takes a screenshot of the current page and embeds it into a log file.</doc>
<msg timestamp="20200731 14:00:29.733" level="FAIL">WebDriverException: Message: unknown error: cannot activate web view
  (Session info: chrome=84.0.4147.105)
</msg>
<status status="FAIL" starttime="20200731 14:00:29.552" endtime="20200731 14:00:29.733"></status>
</kw>
<msg timestamp="20200731 14:00:29.733" level="WARN">Keyword 'Capture Page Screenshot' could not be run on failure: WebDriverException: Message: unknown error: cannot activate web view
  (Session info: chrome=84.0.4147.105)
</msg>
<msg timestamp="20200731 14:00:29.741" level="FAIL">Text 'In Stock' did not appear in 5 seconds.</msg>
<status status="FAIL" starttime="20200731 14:00:24.544" endtime="20200731 14:00:29.741"></status>
</kw>
<status status="FAIL" starttime="20200731 14:00:24.264" endtime="20200731 14:00:29.742"></status>
</kw>
<status status="FAIL" starttime="20200731 14:00:13.642" endtime="20200731 14:00:29.742"></status>
</kw>
<kw name="ปิดเว็ป" library="keywords" type="teardown">
<kw name="Close Browser" library="SeleniumLibrary">
<doc>Closes the current browser.</doc>
<status status="PASS" starttime="20200731 14:00:29.758" endtime="20200731 14:00:32.361"></status>
</kw>
<status status="PASS" starttime="20200731 14:00:29.757" endtime="20200731 14:00:32.362"></status>
</kw>
<status status="FAIL" starttime="20200731 14:00:13.637" endtime="20200731 14:00:32.363" critical="yes">Text 'In Stock' did not appear in 5 seconds.</status>
</test>
<status status="FAIL" starttime="20200731 14:00:12.994" endtime="20200731 14:00:32.371"></status>
</suite>
<statistics>
<total>
<stat pass="0" fail="1">Critical Tests</stat>
<stat pass="0" fail="1">All Tests</stat>
</total>
<tag>
</tag>
<suite>
<stat pass="0" fail="1" id="s1" name="Shopping">Shopping</stat>
</suite>
</statistics>
<errors>
<msg timestamp="20200731 14:00:29.733" level="WARN">Keyword 'Capture Page Screenshot' could not be run on failure: WebDriverException: Message: unknown error: cannot activate web view
  (Session info: chrome=84.0.4147.105)
</msg>
</errors>
</robot>
